app/build/intermediates/manifest_merge_blame_file/debug/manifest-merger-blame-debug-report.txt
1<?xml version="1.0" encoding="utf-8"?>
2<manifest xmlns:android="http://schemas.android.com/apk/res/android"
3    package="com.lib.bachdv"
4    android:versionCode="1"
5    android:versionName="1.0" >
6
7    <uses-sdk
8        android:minSdkVersion="23"
8-->src/main/AndroidManifest.xml
9        android:targetSdkVersion="31" />
9-->src/main/AndroidManifest.xml
10
11    <application
11-->src/main/AndroidManifest.xml:5:5-22:19
12        android:name="com.lib.bachdv.ProjectApplication"
12-->src/main/AndroidManifest.xml:7:9-43
13        android:allowBackup="true"
13-->src/main/AndroidManifest.xml:6:9-35
14        android:appComponentFactory="androidx.core.app.CoreComponentFactory"
14-->[androidx.core:core:1.3.2] AndroidManifest.xml:24:18-86
15        android:debuggable="true"
16        android:extractNativeLibs="false"
17        android:icon="@mipmap/ic_launcher"
17-->src/main/AndroidManifest.xml:8:9-43
18        android:label="@string/app_name"
18-->src/main/AndroidManifest.xml:9:9-41
19        android:roundIcon="@mipmap/ic_launcher_round"
19-->src/main/AndroidManifest.xml:10:9-54
20        android:supportsRtl="true"
20-->src/main/AndroidManifest.xml:11:9-35
21        android:testOnly="true"
22        android:theme="@style/Theme.MyApplication" >
22-->src/main/AndroidManifest.xml:12:9-51
23        <activity
23-->src/main/AndroidManifest.xml:13:9-21:20
24            android:name="com.lib.bachdv.presentation.screen.main.MainActivity"
24-->src/main/AndroidManifest.xml:14:13-66
25            android:exported="true" >
25-->src/main/AndroidManifest.xml:15:13-36
26            <intent-filter>
26-->src/main/AndroidManifest.xml:16:13-20:29
27                <action android:name="android.intent.action.MAIN" />
27-->src/main/AndroidManifest.xml:17:17-69
27-->src/main/AndroidManifest.xml:17:25-66
28
29                <category android:name="android.intent.category.LAUNCHER" />
29-->src/main/AndroidManifest.xml:19:17-77
29-->src/main/AndroidManifest.xml:19:27-74
30            </intent-filter>
31        </activity>
32
33        <service
33-->[androidx.room:room-runtime:2.1.0-alpha06] AndroidManifest.xml:23:9-25:40
34            android:name="androidx.room.MultiInstanceInvalidationService"
34-->[androidx.room:room-runtime:2.1.0-alpha06] AndroidManifest.xml:24:13-74
35            android:exported="false" />
35-->[androidx.room:room-runtime:2.1.0-alpha06] AndroidManifest.xml:25:13-37
36
37        <provider
37-->[androidx.lifecycle:lifecycle-process:2.0.0] AndroidManifest.xml:23:9-27:43
38            android:name="androidx.lifecycle.ProcessLifecycleOwnerInitializer"
38-->[androidx.lifecycle:lifecycle-process:2.0.0] AndroidManifest.xml:24:13-79
39            android:authorities="com.lib.bachdv.lifecycle-process"
39-->[androidx.lifecycle:lifecycle-process:2.0.0] AndroidManifest.xml:25:13-69
40            android:exported="false"
40-->[androidx.lifecycle:lifecycle-process:2.0.0] AndroidManifest.xml:26:13-37
41            android:multiprocess="true" />
41-->[androidx.lifecycle:lifecycle-process:2.0.0] AndroidManifest.xml:27:13-40
42    </application>
43
44</manifest>